<?xml version="1.0" encoding="UTF-8"?>
<testsuite name="com.bridgelababz.UserRegistrationTest" tests="2" skipped="0" failures="0" errors="0" timestamp="2022-04-04T16:36:22" hostname="LAPTOP-BGR4HLJ8" time="0.014">
  <properties/>
  <testcase name="testingFirstName()" classname="com.bridgelababz.UserRegistrationTest" time="0.013"/>
  <testcase name="testFirstNameInvalidMustReturnFalse()" classname="com.bridgelababz.UserRegistrationTest" time="0.0"/>
  <system-out><![CDATA[]]></system-out>
  <system-err><![CDATA[]]></system-err>
</testsuite>
